<?xml version="1.0" encoding="UTF-8"?>
<!-- Generated by org.testng.reporters.JUnitXMLReporter -->
<testsuite ignored="4" hostname="HP" failures="0" tests="3" name="Test" time="0.064" errors="0" timestamp="2024-07-10T22:47:27 IST">
  <testcase classname="Grouping.login" name="loginemail" time="0.007"/>
  <testcase classname="Grouping.login" name="logincred" time="0.002"/>
  <testcase classname="Grouping.login" name="logingoogle" time="0.002"/>
  <testcase classname="Grouping.Regression" name="loginsales" time="0.0">
    <ignored/>
  </testcase> <!-- loginsales -->
  <testcase classname="Grouping.Regression" name="loginagent" time="0.0">
    <ignored/>
  </testcase> <!-- loginagent -->
  <testcase classname="Grouping.Functional" name="both1" time="0.0">
    <ignored/>
  </testcase> <!-- both1 -->
  <testcase classname="Grouping.Functional" name="both2" time="0.0">
    <ignored/>
  </testcase> <!-- both2 -->
</testsuite> <!-- Test -->
