<?xml version="1.0" encoding="UTF-8"?>
<!-- Generated by org.testng.reporters.JUnitXMLReporter -->
<testsuite ignored="7" hostname="HP" failures="0" tests="0" time="0.01" errors="0" timestamp="2024-07-10T22:29:30 IST">
  <testcase classname="Grouping.Regression" name="loginsales" time="0.0">
    <ignored/>
  </testcase> <!-- loginsales -->
  <testcase classname="Grouping.login" name="loginemail" time="0.0">
    <ignored/>
  </testcase> <!-- loginemail -->
  <testcase classname="Grouping.Regression" name="loginagent" time="0.0">
    <ignored/>
  </testcase> <!-- loginagent -->
  <testcase classname="Grouping.login" name="logingoogle" time="0.0">
    <ignored/>
  </testcase> <!-- logingoogle -->
  <testcase classname="Grouping.login" name="logincred" time="0.0">
    <ignored/>
  </testcase> <!-- logincred -->
  <testcase classname="Grouping.Functional" name="both2" time="0.0">
    <ignored/>
  </testcase> <!-- both2 -->
  <testcase classname="Grouping.Functional" name="both1" time="0.0">
    <ignored/>
  </testcase> <!-- both1 -->
</testsuite>
